<?xml version="1.0" encoding="UTF-8"?>
<!-- Generated by org.testng.reporters.JUnitReportReporter -->
<testsuite hostname="Akeem" failures="0" tests="3" name="api.tests.CustomerTests" time="11.887" errors="0" timestamp="2024-02-12T14:20:48 CST" skipped="0">
  <testcase classname="api.tests.CustomerTests" name="retrieveAllCustomers" time="2.047"/>
  <system-out/>
  <testcase classname="api.tests.CustomerTests" name="testPostCustomers" time="9.071"/>
  <system-out/>
  <testcase classname="api.tests.CustomerTests" name="GetSingleCustomer" time="0.769"/>
  <system-out/>
</testsuite> <!-- api.tests.CustomerTests -->
