<?xml version="1.0" encoding="UTF-8"?>
<!-- Generated by org.testng.reporters.JUnitReportReporter -->
<testsuite hostname="Akeem" failures="0" tests="3" name="api.tests.CustomerTests2" time="16.828" errors="0" timestamp="2024-02-13T06:10:23 CST" skipped="0">
  <testcase classname="api.tests.CustomerTests2" name="retrieveAllCustomers" time="5.501"/>
  <system-out/>
  <testcase classname="api.tests.CustomerTests2" name="testPostCustomers" time="10.416"/>
  <system-out/>
  <testcase classname="api.tests.CustomerTests2" name="GetSingleCustomer" time="0.911"/>
  <system-out/>
</testsuite> <!-- api.tests.CustomerTests2 -->
