<?xml version="1.0" encoding="UTF-8"?>
<!-- Generated by org.testng.reporters.JUnitReportReporter -->
<testsuite hostname="Akeem" failures="0" tests="3" name="api.tests.CustomerTests2" time="4.933" errors="0" timestamp="2024-02-13T06:45:04 CST" skipped="0">
  <testcase classname="api.tests.CustomerTests2" name="retrieveAllCustomers" time="3.043"/>
  <system-out/>
  <testcase classname="api.tests.CustomerTests2" name="testPostCustomers" time="1.239"/>
  <system-out/>
  <testcase classname="api.tests.CustomerTests2" name="GetSingleCustomer" time="0.651"/>
  <system-out/>
</testsuite> <!-- api.tests.CustomerTests2 -->
